2024-10-24 00:44:19.662375: E external/local_xla/xla/stream_executor/cuda/cuda_fft.cc:485] Unable to register cuFFT factory: Attempting to register factory for plugin cuFFT when one has already been registered
2024-10-24 00:44:19.684138: E external/local_xla/xla/stream_executor/cuda/cuda_dnn.cc:8454] Unable to register cuDNN factory: Attempting to register factory for plugin cuDNN when one has already been registered
2024-10-24 00:44:19.690317: E external/local_xla/xla/stream_executor/cuda/cuda_blas.cc:1452] Unable to register cuBLAS factory: Attempting to register factory for plugin cuBLAS when one has already been registered
2024-10-24 00:44:19.722731: I tensorflow/core/platform/cpu_feature_guard.cc:210] This TensorFlow binary is optimized to use available CPU instructions in performance-critical operations.
To enable the following instructions: AVX2 FMA, in other operations, rebuild TensorFlow with the appropriate compiler flags.
2024-10-24 00:44:24.120805: W tensorflow/compiler/tf2tensorrt/utils/py_utils.cc:38] TF-TRT Warning: Could not find TensorRT
2024-10-24 00:44:53.447776: I tensorflow/core/common_runtime/gpu/gpu_device.cc:2021] Created device /job:localhost/replica:0/task:0/device:GPU:0 with 38367 MB memory:  -> device: 0, name: NVIDIA A100-SXM4-40GB, pci bus id: 0000:b7:00.0, compute capability: 8.0
/nlsasfs/home/precipitation/midhunm/Conda/envs/tf2/lib/python3.12/site-packages/keras/src/models/functional.py:225: UserWarning: The structure of `inputs` doesn't match the expected structure: ['unet_in_lr', 'unet_in_hr']. Received: the structure of inputs=('*', '*')
  warnings.warn(
WARNING: All log messages before absl::InitializeLog() is called are written to STDERR
I0000 00:00:1729710920.555235  411992 service.cc:146] XLA service 0x7f16a004b520 initialized for platform CUDA (this does not guarantee that XLA will be used). Devices:
I0000 00:00:1729710920.555396  411992 service.cc:154]   StreamExecutor device (0): NVIDIA A100-SXM4-40GB, Compute Capability 8.0
2024-10-24 00:45:20.737112: I tensorflow/compiler/mlir/tensorflow/utils/dump_mlir_util.cc:268] disabling MLIR crash reproducer, set env var `MLIR_CRASH_REPRODUCER_DIRECTORY` to enable.
2024-10-24 00:45:21.667670: I external/local_xla/xla/stream_executor/cuda/cuda_dnn.cc:531] Loaded cuDNN version 8907
I0000 00:00:1729710945.448530  411992 device_compiler.h:188] Compiled cluster using XLA!  This line is logged at most once for the lifetime of the process.
2024-10-24 01:24:41.125460: E external/local_xla/xla/service/slow_operation_alarm.cc:65] Trying algorithm eng0{} for conv (f32[64,256,3,3]{3,2,1,0}, u8[0]{0}) custom-call(f32[16,256,256,256]{3,2,1,0}, f32[16,64,256,256]{3,2,1,0}), window={size=3x3 pad=1_1x1_1}, dim_labels=bf01_oi01->bf01, custom_call_target="__cudnn$convBackwardFilter", backend_config={"operation_queue_id":"0","wait_on_operation_queues":[],"cudnn_conv_backend_config":{"conv_result_scale":1,"activation_mode":"kNone","side_input_scale":0,"leakyrelu_alpha":0},"force_earliest_schedule":false} is taking a while...
2024-10-24 01:24:41.231045: E external/local_xla/xla/service/slow_operation_alarm.cc:133] The operation took 1.105645435s
Trying algorithm eng0{} for conv (f32[64,256,3,3]{3,2,1,0}, u8[0]{0}) custom-call(f32[16,256,256,256]{3,2,1,0}, f32[16,64,256,256]{3,2,1,0}), window={size=3x3 pad=1_1x1_1}, dim_labels=bf01_oi01->bf01, custom_call_target="__cudnn$convBackwardFilter", backend_config={"operation_queue_id":"0","wait_on_operation_queues":[],"cudnn_conv_backend_config":{"conv_result_scale":1,"activation_mode":"kNone","side_input_scale":0,"leakyrelu_alpha":0},"force_earliest_schedule":false} is taking a while...
2024-10-24 02:47:06.392948: E external/local_xla/xla/service/slow_operation_alarm.cc:65] Trying algorithm eng0{} for conv (f32[32,64,256,256]{3,2,1,0}, u8[0]{0}) custom-call(f32[32,192,256,256]{3,2,1,0}, f32[64,192,3,3]{3,2,1,0}), window={size=3x3 pad=1_1x1_1}, dim_labels=bf01_oi01->bf01, custom_call_target="__cudnn$convForward", backend_config={"operation_queue_id":"0","wait_on_operation_queues":[],"cudnn_conv_backend_config":{"conv_result_scale":1,"activation_mode":"kNone","side_input_scale":0,"leakyrelu_alpha":0},"force_earliest_schedule":false} is taking a while...
2024-10-24 02:47:06.782898: E external/local_xla/xla/service/slow_operation_alarm.cc:133] The operation took 1.390053701s
Trying algorithm eng0{} for conv (f32[32,64,256,256]{3,2,1,0}, u8[0]{0}) custom-call(f32[32,192,256,256]{3,2,1,0}, f32[64,192,3,3]{3,2,1,0}), window={size=3x3 pad=1_1x1_1}, dim_labels=bf01_oi01->bf01, custom_call_target="__cudnn$convForward", backend_config={"operation_queue_id":"0","wait_on_operation_queues":[],"cudnn_conv_backend_config":{"conv_result_scale":1,"activation_mode":"kNone","side_input_scale":0,"leakyrelu_alpha":0},"force_earliest_schedule":false} is taking a while...
2024-10-24 02:47:09.660088: E external/local_xla/xla/service/slow_operation_alarm.cc:65] Trying algorithm eng0{} for conv (f32[32,64,256,256]{3,2,1,0}, u8[0]{0}) custom-call(f32[32,256,256,256]{3,2,1,0}, f32[64,256,3,3]{3,2,1,0}), window={size=3x3 pad=1_1x1_1}, dim_labels=bf01_oi01->bf01, custom_call_target="__cudnn$convForward", backend_config={"operation_queue_id":"0","wait_on_operation_queues":[],"cudnn_conv_backend_config":{"conv_result_scale":1,"activation_mode":"kNone","side_input_scale":0,"leakyrelu_alpha":0},"force_earliest_schedule":false} is taking a while...
2024-10-24 02:47:10.516430: E external/local_xla/xla/service/slow_operation_alarm.cc:133] The operation took 1.856388172s
Trying algorithm eng0{} for conv (f32[32,64,256,256]{3,2,1,0}, u8[0]{0}) custom-call(f32[32,256,256,256]{3,2,1,0}, f32[64,256,3,3]{3,2,1,0}), window={size=3x3 pad=1_1x1_1}, dim_labels=bf01_oi01->bf01, custom_call_target="__cudnn$convForward", backend_config={"operation_queue_id":"0","wait_on_operation_queues":[],"cudnn_conv_backend_config":{"conv_result_scale":1,"activation_mode":"kNone","side_input_scale":0,"leakyrelu_alpha":0},"force_earliest_schedule":false} is taking a while...
/nlsasfs/home/precipitation/midhunm/Conda/envs/tf2/lib/python3.12/site-packages/keras/src/models/functional.py:225: UserWarning: The structure of `inputs` doesn't match the expected structure: ['unet_in_lr']. Received: the structure of inputs=*
  warnings.warn(
/nlsasfs/home/precipitation/midhunm/Conda/envs/tf2/lib/python3.12/site-packages/keras/src/models/functional.py:225: UserWarning: The structure of `inputs` doesn't match the expected structure: unet_in_lr. Received: the structure of inputs=('*',)
  warnings.warn(
